<?xml version="1.0" encoding="utf-8"?><testsuite errors="0" failures="0" name="pytest" skips="0" tests="24" time="6.319"><testcase classname="tests.unit.test_formaters.BaseFormatterTestCase" file="tests\unit\test_formaters.py" line="38" name="test_it_asserts_description" time="0.0029916763305664062"></testcase><testcase classname="tests.unit.test_formaters.BaseFormatterTestCase" file="tests\unit\test_formaters.py" line="41" name="test_it_asserts_code" time="0.004984855651855469"></testcase><testcase classname="tests.unit.test_formaters.BaseFormatterTestCase" file="tests\unit\test_formaters.py" line="44" name="test_it_abstracts_wrap_regexp" time="0.003988504409790039"></testcase><testcase classname="tests.unit.test_formaters.OtherFormatersTestCase" file="tests\unit\test_formaters.py" line="59" name="test_it_has_description" time="0.0039823055267333984"></testcase><testcase classname="tests.unit.test_formaters.PythonFormaterTest" file="tests\unit\test_formaters.py" line="98" name="test_it_generates_regexp_that_can_match_input_strings" time="1.561821699142456"></testcase><testcase classname="tests.unit.test_formaters.OtherFormatersTestCase" file="tests\unit\test_formaters.py" line="63" name="test_it_has_code" time="0.004980564117431641"></testcase><testcase classname="tests.unit.test_formaters.OtherFormatersTestCase" file="tests\unit\test_formaters.py" line="49" name="test_formaters_are_listed" time="0.005976200103759766"></testcase><testcase classname="tests.unit.test_formaters.PythonFormaterTest" file="tests\unit\test_formaters.py" line="102" name="test_it_generates_regexp_that_can_match_empty_input" time="0.008970260620117188"></testcase><testcase classname="tests.unit.test_formaters.PythonFormaterTest" file="tests\unit\test_formaters.py" line="95" name="test_it_generates_regexps_that_can_match_special_characters" time="0.00498652458190918"></testcase><testcase classname="tests.unit.test_formaters.PythonWordMatchingFormaterTest" file="tests\unit\test_formaters.py" line="109" name="test_it_generates_regexp_that_can_match_input_words" time="2.1622202396392822"></testcase><testcase classname="tests.unit.test_formaters.PythonWordMatchingFormaterTest" file="tests\unit\test_formaters.py" line="113" name="test_it_generates_regexp_that_can_match_empty_input" time="0.0009949207305908203"></testcase><testcase classname="tests.unit.prefix_tree.test_letter_range_utils.CollapseLettersIntoRangesTest" file="tests\unit\prefix_tree\test_letter_range_utils.py" line="10" name="test_one_letter_is_not_collapsed" time="0.0029900074005126953"></testcase><testcase classname="tests.unit.prefix_tree.test_letter_range_utils.CollapseLettersIntoRangesTest" file="tests\unit\prefix_tree\test_letter_range_utils.py" line="14" name="test_no_range_is_not_collapsed_and_sorted" time="0.0019969940185546875"></testcase><testcase classname="tests.unit.prefix_tree.test_letter_range_utils.CollapseLettersIntoRangesTest" file="tests\unit\prefix_tree\test_letter_range_utils.py" line="30" name="test_hyphen_is_first" time="0.0029904842376708984"></testcase><testcase classname="tests.unit.prefix_tree.test_letter_range_utils.CollapseLettersIntoRangesTest" file="tests\unit\prefix_tree\test_letter_range_utils.py" line="33" name="test_special_characters_are_escaped" time="0.002989053726196289"></testcase><testcase classname="tests.unit.prefix_tree.test_letter_range_utils.CollapseLettersIntoRangesTest" file="tests\unit\prefix_tree\test_letter_range_utils.py" line="18" name="test_two_consecutive_are_not_collapsed" time="0.000997304916381836"></testcase><testcase classname="tests.unit.prefix_tree.test_tree.PrefixTreeTest" file="tests\unit\prefix_tree\test_tree.py" line="56" name="test_accepts_iterable_of_strings" time="1.8011865615844727"></testcase><testcase classname="tests.unit.prefix_tree.test_tree.PrefixTreeTest" file="tests\unit\prefix_tree\test_tree.py" line="61" name="test_can_be_instantiated_with_initial_iterable_of_strings" time="1.6406152248382568"></testcase><testcase classname="tests.unit.prefix_tree.test_letter_range_utils.CollapseLettersIntoRangesTest" file="tests\unit\prefix_tree\test_letter_range_utils.py" line="26" name="test_three_consecutive_non_alphanumeric_are_not_collapsed" time="0.003988504409790039"></testcase><testcase classname="tests.unit.prefix_tree.test_tree.PrefixTreeTest" file="tests\unit\prefix_tree\test_tree.py" line="42" name="test_correctly_encodes_strings_with_special_characters" time="0.002997159957885742"></testcase><testcase classname="tests.unit.prefix_tree.test_primitives.Compress" file="tests\unit\prefix_tree\test_primitives.py" line="8" name="test_compresses_strings_correctly" time="0.001999378204345703"></testcase><testcase classname="tests.unit.prefix_tree.test_tree.PrefixTreeTest" file="tests\unit\prefix_tree\test_tree.py" line="49" name="test_accepts_individual_strings" time="1.7752821445465088"></testcase><testcase classname="tests.unit.prefix_tree.test_letter_range_utils.CollapseLettersIntoRangesTest" file="tests\unit\prefix_tree\test_letter_range_utils.py" line="22" name="test_three_consecutive_are_collapsed" time="0.0029926300048828125"></testcase><testcase classname="tests.unit.prefix_tree.test_letter_range_utils.CollapseLettersIntoRangesTest" file="tests\unit\prefix_tree\test_letter_range_utils.py" line="47" name="test_unfinished_alnum_ranges" time="0.0029878616333007812"></testcase></testsuite>